<?xml version="1.0" encoding="UTF-8"?>
<!-- Generated by org.testng.reporters.JUnitReportReporter -->
<testsuite skipped="0" hostname="mindc1d155" name="runner.LoginTestExecution5" tests="1" failures="0" timestamp="2022-05-20T15:39:15 IST" time="12.160" errors="0">
  <testcase name="basePageNavigation" time="12.160" classname="runner.LoginTestExecution5"/>
  <system-out/>
</testsuite> <!-- runner.LoginTestExecution5 -->
