<?xml version="1.0" encoding="UTF-8"?>
<!-- Generated by org.testng.reporters.JUnitReportReporter -->
<testsuite skipped="0" hostname="DESKTOP-IU9BP2Q" name="runner.TestExecution8" tests="1" failures="0" timestamp="2022-05-19T02:17:00 IST" time="19.711" errors="0">
  <testcase name="basePageNavigation" time="19.711" classname="runner.TestExecution8"/>
  <system-out/>
</testsuite> <!-- runner.TestExecution8 -->
