<?xml version="1.0" encoding="UTF-8"?>
<!-- Generated by org.testng.reporters.JUnitReportReporter -->
<testsuite skipped="0" hostname="DESKTOP-IU9BP2Q" name="runner.TestExecution7" tests="1" failures="0" timestamp="2022-05-19T02:17:00 IST" time="23.792" errors="0">
  <testcase name="basePageNavigation" time="23.792" classname="runner.TestExecution7"/>
  <system-out/>
</testsuite> <!-- runner.TestExecution7 -->
