<?xml version="1.0" encoding="UTF-8"?>
<!-- Generated by org.testng.reporters.JUnitReportReporter -->
<testsuite skipped="0" hostname="DESKTOP-IU9BP2Q" name="runner.TestExecution2" tests="1" failures="0" timestamp="2022-05-16T15:20:53 IST" time="80.191" errors="0">
  <testcase name="basePageNavigation" time="80.191" classname="runner.TestExecution2"/>
  <system-out/>
</testsuite> <!-- runner.TestExecution2 -->
