<?xml version="1.0" encoding="UTF-8"?>
<!-- Generated by org.testng.reporters.JUnitReportReporter -->
<testsuite skipped="0" hostname="DESKTOP-IU9BP2Q" name="runner.LoginTestExecution5" tests="1" failures="0" timestamp="2022-05-19T11:42:53 IST" time="39.881" errors="0">
  <testcase name="basePageNavigation" time="39.881" classname="runner.LoginTestExecution5"/>
  <system-out/>
</testsuite> <!-- runner.LoginTestExecution5 -->
